1590364350158	mozrunner::runner	INFO	Running command: "C:\\Program Files\\Mozilla Firefox\\firefox.exe" "-marionette" "-foreground" "-no-remote" "-profile" "C:\\Users\\小露儿\\AppData\\Local\\Temp\\rust_mozprofilenzDrhY"
1590364350760	addons.webextension.doh-rollout@mozilla.org	WARN	Loading extension 'doh-rollout@mozilla.org': Reading manifest: Invalid extension permission: networkStatus
1590364352286	addons.webextension.screenshots@mozilla.org	WARN	Loading extension 'screenshots@mozilla.org': Reading manifest: Invalid extension permission: mozillaAddons
1590364352287	addons.webextension.screenshots@mozilla.org	WARN	Loading extension 'screenshots@mozilla.org': Reading manifest: Invalid extension permission: telemetry
1590364352288	addons.webextension.screenshots@mozilla.org	WARN	Loading extension 'screenshots@mozilla.org': Reading manifest: Invalid extension permission: resource://pdf.js/
1590364352288	addons.webextension.screenshots@mozilla.org	WARN	Loading extension 'screenshots@mozilla.org': Reading manifest: Invalid extension permission: about:reader*
JavaScript error: resource://gre/modules/XULStore.jsm, line 66: Error: Can't find profile directory.
1590364357206	Marionette	INFO	Listening on port 41467
1590364357638	Marionette	WARN	TLS certificate errors will be ignored for this session
1590364362207	Marionette	INFO	Stopped listening on port 41467
JavaScript error: http://gss0.bdstatic.com/5foIcy0a2gI2n2jgoY3K/static/fisp_static/common/module_static_include/module_static_include_5309ae3.js, line 3: NS_ERROR_NOT_INITIALIZED: 

###!!! [Child][RunMessage] Error: Channel closing: too late to send/recv, messages will be lost


###!!! [Child][RunMessage] Error: Channel closing: too late to send/recv, messages will be lost


###!!! [Child][RunMessage] Error: Channel closing: too late to send/recv, messages will be lost

1590364373418	mozrunner::runner	INFO	Running command: "C:\\Program Files\\Mozilla Firefox\\firefox.exe" "-marionette" "-foreground" "-no-remote" "-profile" "C:\\Users\\小露儿\\AppData\\Local\\Temp\\rust_mozprofileBGHAqM"
1590364374025	addons.webextension.doh-rollout@mozilla.org	WARN	Loading extension 'doh-rollout@mozilla.org': Reading manifest: Invalid extension permission: networkStatus
1590364375687	addons.webextension.screenshots@mozilla.org	WARN	Loading extension 'screenshots@mozilla.org': Reading manifest: Invalid extension permission: mozillaAddons
1590364375687	addons.webextension.screenshots@mozilla.org	WARN	Loading extension 'screenshots@mozilla.org': Reading manifest: Invalid extension permission: telemetry
1590364375688	addons.webextension.screenshots@mozilla.org	WARN	Loading extension 'screenshots@mozilla.org': Reading manifest: Invalid extension permission: resource://pdf.js/
1590364375688	addons.webextension.screenshots@mozilla.org	WARN	Loading extension 'screenshots@mozilla.org': Reading manifest: Invalid extension permission: about:reader*
JavaScript error: resource://gre/modules/XULStore.jsm, line 66: Error: Can't find profile directory.
1590364380479	Marionette	INFO	Listening on port 41556
1590364380894	Marionette	WARN	TLS certificate errors will be ignored for this session
1590364384894	Marionette	INFO	Stopped listening on port 41556
JavaScript error: http://gss0.bdstatic.com/5foIcy0a2gI2n2jgoY3K/static/fisp_static/common/module_static_include/module_static_include_5309ae3.js, line 3: NS_ERROR_NOT_INITIALIZED: 

###!!! [Child][RunMessage] Error: Channel closing: too late to send/recv, messages will be lost

1590364497653	mozrunner::runner	INFO	Running command: "C:\\Program Files\\Mozilla Firefox\\firefox.exe" "-marionette" "-foreground" "-no-remote" "-profile" "C:\\Users\\小露儿\\AppData\\Local\\Temp\\rust_mozprofile1Oo2XW"
1590364498291	addons.webextension.doh-rollout@mozilla.org	WARN	Loading extension 'doh-rollout@mozilla.org': Reading manifest: Invalid extension permission: networkStatus
1590364500260	addons.webextension.screenshots@mozilla.org	WARN	Loading extension 'screenshots@mozilla.org': Reading manifest: Invalid extension permission: mozillaAddons
1590364500260	addons.webextension.screenshots@mozilla.org	WARN	Loading extension 'screenshots@mozilla.org': Reading manifest: Invalid extension permission: telemetry
1590364500261	addons.webextension.screenshots@mozilla.org	WARN	Loading extension 'screenshots@mozilla.org': Reading manifest: Invalid extension permission: resource://pdf.js/
1590364500261	addons.webextension.screenshots@mozilla.org	WARN	Loading extension 'screenshots@mozilla.org': Reading manifest: Invalid extension permission: about:reader*
JavaScript error: resource://gre/modules/XULStore.jsm, line 66: Error: Can't find profile directory.
1590364505337	Marionette	INFO	Listening on port 41654
1590364505630	Marionette	WARN	TLS certificate errors will be ignored for this session
JavaScript warning: https://pos.baidu.com/ccqm?conwid=250&conhei=250&rdid=1997633&dc=3&exps=110011&psi=f86031daa6842d654cd2f5e19ea25815&di=u1997633&dri=0&dis=0&dai=1&ps=630x0&coa=wn%3D2%26hn%3D8&enu=encoding&ant=0&dcb=___adblockplus_&dtm=HTML_POST&dvi=0.0&dci=-1&dpt=none&tsr=0&tpr=1590364517677&ti=%E9%9D%92%E6%98%A5%E6%9C%89%E4%BD%A0%E7%AC%AC%E4%BA%8C%E5%AD%A3_%E7%99%BE%E5%BA%A6%E7%99%BE%E7%A7%91&ari=2&ver=0511&dbv=0&drs=3&pcs=1353x636&pss=1353x17016&cfv=0&cpl=0&chi=1&cce=true&cec=UTF-8&tlm=1590364517&prot=2&rw=636&ltu=https%3A%2F%2Fbaike.baidu.com%2Fitem%2F%25E9%259D%2592%25E6%2598%25A5%25E6%259C%2589%25E4%25BD%25A0%25E7%25AC%25AC%25E4%25BA%258C%25E5%25AD%25A3%2F23802025&ltr=https%3A%2F%2Fbaike.baidu.com%2Fitem%2F%25E7%25A7%25A6%25E7%2589%259B%25E6%25AD%25A3%25E5%25A8%2581%2F23717424%3Ffr%3Daladdin&ecd=1&uc=1366x728&pis=-1x-1&sr=1366x768&tcn=1590364518&qn=14eccdba3003486f&tt=1590364517669.19.20.22, line 137: unreachable code after return statement
JavaScript warning: https://pos.baidu.com/ccqm?conwid=250&conhei=250&rdid=1997633&dc=3&exps=110011&psi=f86031daa6842d654cd2f5e19ea25815&di=u1997633&dri=0&dis=0&dai=1&ps=630x0&coa=wn%3D2%26hn%3D8&enu=encoding&ant=0&dcb=___adblockplus_&dtm=HTML_POST&dvi=0.0&dci=-1&dpt=none&tsr=0&tpr=1590364517677&ti=%E9%9D%92%E6%98%A5%E6%9C%89%E4%BD%A0%E7%AC%AC%E4%BA%8C%E5%AD%A3_%E7%99%BE%E5%BA%A6%E7%99%BE%E7%A7%91&ari=2&ver=0511&dbv=0&drs=3&pcs=1353x636&pss=1353x17016&cfv=0&cpl=0&chi=1&cce=true&cec=UTF-8&tlm=1590364517&prot=2&rw=636&ltu=https%3A%2F%2Fbaike.baidu.com%2Fitem%2F%25E9%259D%2592%25E6%2598%25A5%25E6%259C%2589%25E4%25BD%25A0%25E7%25AC%25AC%25E4%25BA%258C%25E5%25AD%25A3%2F23802025&ltr=https%3A%2F%2Fbaike.baidu.com%2Fitem%2F%25E7%25A7%25A6%25E7%2589%259B%25E6%25AD%25A3%25E5%25A8%2581%2F23717424%3Ffr%3Daladdin&ecd=1&uc=1366x728&pis=-1x-1&sr=1366x768&tcn=1590364518&qn=14eccdba3003486f&tt=1590364517669.19.20.22, line 137: unreachable code after return statement
JavaScript warning: https://pos.baidu.com/ycxm?conwid=250&conhei=250&rdid=1997633&dc=3&exps=110011&psi=e1f09bdf5d0442c91ba4711d02b19e7d&di=u1997633&dri=0&dis=0&dai=1&ps=65x0&coa=wn%3D2%26hn%3D8&enu=encoding&ant=0&dcb=___adblockplus_&dtm=HTML_POST&dvi=0.0&dci=-1&dpt=none&tsr=0&tpr=1590364517319&ti=%E7%A7%A6%E7%89%9B%E6%AD%A3%E5%A8%81_%E7%99%BE%E5%BA%A6%E7%99%BE%E7%A7%91&ari=2&ver=0511&dbv=0&drs=4&pcs=1353x636&pss=1353x4254&cfv=0&cpl=0&chi=1&cce=true&cec=UTF-8&tlm=1590364517&prot=2&rw=636&ltu=https%3A%2F%2Fbaike.baidu.com%2Fitem%2F%25E7%25A7%25A6%25E7%2589%259B%25E6%25AD%25A3%25E5%25A8%2581%2F23717424%3Ffr%3Daladdin&ltr=https%3A%2F%2Fwww.baidu.com%2Flink%3Furl%3DVhh92bzzfGsh1gsMl0eKmpsRHeVSVOW9CRWsWphynwXOykDYcHUyzcV-gTRsjfBzotoocPBR6V2O_PEXpfFz1ZFkpDoCdzfgftwwNdEX_z_m2BHbYea8leCEyMVCsgGG%26wd%3D%26eqid%3Dcf69ed1200083566000000055ecb095b&ecd=1&uc=1366x728&pis=-1x-1&sr=1366x768&tcn=1590364517&qn=14eccdba3003486f&tt=1590364517298.26.348.350, line 137: unreachable code after return statement
JavaScript warning: https://pos.baidu.com/ycxm?conwid=250&conhei=250&rdid=1997633&dc=3&exps=110011&psi=e1f09bdf5d0442c91ba4711d02b19e7d&di=u1997633&dri=0&dis=0&dai=1&ps=65x0&coa=wn%3D2%26hn%3D8&enu=encoding&ant=0&dcb=___adblockplus_&dtm=HTML_POST&dvi=0.0&dci=-1&dpt=none&tsr=0&tpr=1590364517319&ti=%E7%A7%A6%E7%89%9B%E6%AD%A3%E5%A8%81_%E7%99%BE%E5%BA%A6%E7%99%BE%E7%A7%91&ari=2&ver=0511&dbv=0&drs=4&pcs=1353x636&pss=1353x4254&cfv=0&cpl=0&chi=1&cce=true&cec=UTF-8&tlm=1590364517&prot=2&rw=636&ltu=https%3A%2F%2Fbaike.baidu.com%2Fitem%2F%25E7%25A7%25A6%25E7%2589%259B%25E6%25AD%25A3%25E5%25A8%2581%2F23717424%3Ffr%3Daladdin&ltr=https%3A%2F%2Fwww.baidu.com%2Flink%3Furl%3DVhh92bzzfGsh1gsMl0eKmpsRHeVSVOW9CRWsWphynwXOykDYcHUyzcV-gTRsjfBzotoocPBR6V2O_PEXpfFz1ZFkpDoCdzfgftwwNdEX_z_m2BHbYea8leCEyMVCsgGG%26wd%3D%26eqid%3Dcf69ed1200083566000000055ecb095b&ecd=1&uc=1366x728&pis=-1x-1&sr=1366x768&tcn=1590364517&qn=14eccdba3003486f&tt=1590364517298.26.348.350, line 137: unreachable code after return statement
1590364520263	Marionette	INFO	Stopped listening on port 41654
JavaScript error: https://gss0.baidu.com/9rA4cT8aBw9FktbgoI7O1ygwehsv/static/api/js/trans/logger.js?v=d16ec0e3.js, line 1: TypeError: n.ajax.request is not a function

###!!! [Child][RunMessage] Error: Channel closing: too late to send/recv, messages will be lost

1590395800754	mozrunner::runner	INFO	Running command: "C:\\Program Files\\Mozilla Firefox\\firefox.exe" "-marionette" "-foreground" "-no-remote" "-profile" "C:\\Users\\小露儿\\AppData\\Local\\Temp\\rust_mozprofileMdQju4"
1590395801886	addons.webextension.doh-rollout@mozilla.org	WARN	Loading extension 'doh-rollout@mozilla.org': Reading manifest: Invalid extension permission: networkStatus
1590395804035	addons.webextension.screenshots@mozilla.org	WARN	Loading extension 'screenshots@mozilla.org': Reading manifest: Invalid extension permission: mozillaAddons
1590395804035	addons.webextension.screenshots@mozilla.org	WARN	Loading extension 'screenshots@mozilla.org': Reading manifest: Invalid extension permission: telemetry
1590395804035	addons.webextension.screenshots@mozilla.org	WARN	Loading extension 'screenshots@mozilla.org': Reading manifest: Invalid extension permission: resource://pdf.js/
1590395804035	addons.webextension.screenshots@mozilla.org	WARN	Loading extension 'screenshots@mozilla.org': Reading manifest: Invalid extension permission: about:reader*
JavaScript error: resource://gre/modules/XULStore.jsm, line 66: Error: Can't find profile directory.
1590395813064	Marionette	INFO	Listening on port 50505
1590395813298	Marionette	WARN	TLS certificate errors will be ignored for this session
JavaScript warning: https://pos.baidu.com/tcxm?conwid=250&conhei=250&rdid=1997633&dc=3&exps=110011&psi=6fc1300a3b40139324b5831817e237dc&di=u1997633&dri=0&dis=0&dai=1&ps=369x0&coa=wn%3D2%26hn%3D8&enu=encoding&ant=0&dcb=___adblockplus_&dtm=HTML_POST&dvi=0.0&dci=-1&dpt=none&tsr=0&tpr=1590395825026&ti=%E7%A7%A6%E7%89%9B%E6%AD%A3%E5%A8%81_%E7%99%BE%E5%BA%A6%E7%99%BE%E7%A7%91&ari=2&ver=0511&dbv=0&drs=3&pcs=1353x636&pss=1353x4254&cfv=0&cpl=0&chi=1&cce=true&cec=UTF-8&tlm=1590395825&prot=2&rw=636&ltu=https%3A%2F%2Fbaike.baidu.com%2Fitem%2F%25E7%25A7%25A6%25E7%2589%259B%25E6%25AD%25A3%25E5%25A8%2581%2F23717424%3Ffr%3Daladdin&ltr=https%3A%2F%2Fwww.baidu.com%2Flink%3Furl%3DUQFaglhE_fiOt658b8lbJjONJd7yeWiPRl61ZHXt2wSYxhQsT6agj93YxcSZwvq-UTpky-3X_DkLVtIsO5PpXoAg1yg658nsMruzzJ8b4Ujk4RBN1C0pboGcJMTq_Ldq%26wd%3D%26eqid%3Da7c6287d0001e9f1000000055ecb83aa&ecd=1&uc=1366x728&pis=-1x-1&sr=1366x768&tcn=1590395825&qn=bddde9b8f59e80eb&tt=1590395824977.77.912.914, line 137: unreachable code after return statement
JavaScript warning: https://pos.baidu.com/tcxm?conwid=250&conhei=250&rdid=1997633&dc=3&exps=110011&psi=6fc1300a3b40139324b5831817e237dc&di=u1997633&dri=0&dis=0&dai=1&ps=369x0&coa=wn%3D2%26hn%3D8&enu=encoding&ant=0&dcb=___adblockplus_&dtm=HTML_POST&dvi=0.0&dci=-1&dpt=none&tsr=0&tpr=1590395825026&ti=%E7%A7%A6%E7%89%9B%E6%AD%A3%E5%A8%81_%E7%99%BE%E5%BA%A6%E7%99%BE%E7%A7%91&ari=2&ver=0511&dbv=0&drs=3&pcs=1353x636&pss=1353x4254&cfv=0&cpl=0&chi=1&cce=true&cec=UTF-8&tlm=1590395825&prot=2&rw=636&ltu=https%3A%2F%2Fbaike.baidu.com%2Fitem%2F%25E7%25A7%25A6%25E7%2589%259B%25E6%25AD%25A3%25E5%25A8%2581%2F23717424%3Ffr%3Daladdin&ltr=https%3A%2F%2Fwww.baidu.com%2Flink%3Furl%3DUQFaglhE_fiOt658b8lbJjONJd7yeWiPRl61ZHXt2wSYxhQsT6agj93YxcSZwvq-UTpky-3X_DkLVtIsO5PpXoAg1yg658nsMruzzJ8b4Ujk4RBN1C0pboGcJMTq_Ldq%26wd%3D%26eqid%3Da7c6287d0001e9f1000000055ecb83aa&ecd=1&uc=1366x728&pis=-1x-1&sr=1366x768&tcn=1590395825&qn=bddde9b8f59e80eb&tt=1590395824977.77.912.914, line 137: unreachable code after return statement
JavaScript warning: https://pos.baidu.com/hcjm?conwid=250&conhei=250&rdid=1997633&dc=3&exps=110011&psi=b8870bc40f2122e28105b24fcd2237b4&di=u1997633&dri=0&dis=0&dai=1&ps=0x0&coa=wn%3D2%26hn%3D8&enu=encoding&ant=0&dcb=___adblockplus_&dtm=HTML_POST&dvi=0.0&dci=-1&dpt=none&tsr=0&tpr=1590395826422&ti=%E9%9D%92%E6%98%A5%E6%9C%89%E4%BD%A0%E7%AC%AC%E4%BA%8C%E5%AD%A3_%E7%99%BE%E5%BA%A6%E7%99%BE%E7%A7%91&ari=2&ver=0511&dbv=0&drs=4&pcs=1353x636&pss=1353x17016&cfv=0&cpl=0&chi=1&cce=true&cec=UTF-8&tlm=1590395826&prot=2&rw=636&ltu=https%3A%2F%2Fbaike.baidu.com%2Fitem%2F%25E9%259D%2592%25E6%2598%25A5%25E6%259C%2589%25E4%25BD%25A0%25E7%25AC%25AC%25E4%25BA%258C%25E5%25AD%25A3%2F23802025&ltr=https%3A%2F%2Fbaike.baidu.com%2Fitem%2F%25E7%25A7%25A6%25E7%2589%259B%25E6%25AD%25A3%25E5%25A8%2581%2F23717424%3Ffr%3Daladdin&ecd=1&uc=1366x728&pis=-1x-1&sr=1366x768&tcn=1590395826&qn=bddde9b8f59e80eb&tt=1590395826403.23.24.24, line 137: unreachable code after return statement
JavaScript warning: https://pos.baidu.com/hcjm?conwid=250&conhei=250&rdid=1997633&dc=3&exps=110011&psi=b8870bc40f2122e28105b24fcd2237b4&di=u1997633&dri=0&dis=0&dai=1&ps=0x0&coa=wn%3D2%26hn%3D8&enu=encoding&ant=0&dcb=___adblockplus_&dtm=HTML_POST&dvi=0.0&dci=-1&dpt=none&tsr=0&tpr=1590395826422&ti=%E9%9D%92%E6%98%A5%E6%9C%89%E4%BD%A0%E7%AC%AC%E4%BA%8C%E5%AD%A3_%E7%99%BE%E5%BA%A6%E7%99%BE%E7%A7%91&ari=2&ver=0511&dbv=0&drs=4&pcs=1353x636&pss=1353x17016&cfv=0&cpl=0&chi=1&cce=true&cec=UTF-8&tlm=1590395826&prot=2&rw=636&ltu=https%3A%2F%2Fbaike.baidu.com%2Fitem%2F%25E9%259D%2592%25E6%2598%25A5%25E6%259C%2589%25E4%25BD%25A0%25E7%25AC%25AC%25E4%25BA%258C%25E5%25AD%25A3%2F23802025&ltr=https%3A%2F%2Fbaike.baidu.com%2Fitem%2F%25E7%25A7%25A6%25E7%2589%259B%25E6%25AD%25A3%25E5%25A8%2581%2F23717424%3Ffr%3Daladdin&ecd=1&uc=1366x728&pis=-1x-1&sr=1366x768&tcn=1590395826&qn=bddde9b8f59e80eb&tt=1590395826403.23.24.24, line 137: unreachable code after return statement
1590395830459	Marionette	INFO	Stopped listening on port 50505
JavaScript error: https://gss0.baidu.com/9rA4cT8aBw9FktbgoI7O1ygwehsv/static/api/js/trans/logger.js?v=d16ec0e3.js, line 1: TypeError: n.ajax.request is not a function
JavaScript error: https://gss0.baidu.com/9rA4cT8aBw9FktbgoI7O1ygwehsv/static/api/js/trans/logger.js?v=d16ec0e3.js, line 1: TypeError: n.ajax.request is not a function
console.error: (new Error("SessionFile is closed", "resource:///modules/sessionstore/SessionFile.jsm", 433))

###!!! [Child][RunMessage] Error: Channel closing: too late to send/recv, messages will be lost

